sentencepiece_trainer.cc(77) LOG(INFO) Starts training with : 
trainer_spec {
  input: data/lang_bpe_500/bert-rich-filtered-uncase_words.txt
  input_format: 
  model_prefix: data/lang_bpe_500/unigram_500_uncase
  model_type: UNIGRAM
  vocab_size: 500
  self_test_sample_size: 0
  character_coverage: 1
  input_sentence_size: 100000000
  shuffle_input_sentence: 1
  seed_sentencepiece_size: 1000000
  shrinking_factor: 0.75
  max_sentence_length: 4192
  num_threads: 16
  num_sub_iterations: 2
  max_sentencepiece_length: 16
  split_by_unicode_script: 1
  split_by_number: 1
  split_by_whitespace: 1
  split_digits: 0
  pretokenization_delimiter: 
  treat_whitespace_as_suffix: 0
  allow_whitespace_only_pieces: 0
  user_defined_symbols: <blk>
  user_defined_symbols: <sos/eos>
  required_chars: 
  byte_fallback: 0
  vocabulary_output_piece_score: 1
  train_extremely_large_corpus: 0
  hard_vocab_limit: 1
  use_all_vocab: 0
  unk_id: 2
  bos_id: -1
  eos_id: -1
  pad_id: -1
  unk_piece: <unk>
  bos_piece: <s>
  eos_piece: </s>
  pad_piece: <pad>
  unk_surface:  ⁇ 
  enable_differential_privacy: 0
  differential_privacy_noise_level: 0
  differential_privacy_clipping_threshold: 0
}
normalizer_spec {
  name: nmt_nfkc_cf
  add_dummy_prefix: 1
  remove_extra_whitespaces: 1
  escape_whitespaces: 1
  normalization_rule_tsv: 
}
denormalizer_spec {}
trainer_interface.cc(351) LOG(INFO) SentenceIterator is not specified. Using MultiFileSentenceIterator.
trainer_interface.cc(183) LOG(INFO) Loading corpus: data/lang_bpe_500/bert-rich-filtered-uncase_words.txt
trainer_interface.cc(407) LOG(INFO) Loaded all 281071 sentences
trainer_interface.cc(423) LOG(INFO) Adding meta_piece: <blk>
trainer_interface.cc(423) LOG(INFO) Adding meta_piece: <sos/eos>
trainer_interface.cc(423) LOG(INFO) Adding meta_piece: <unk>
trainer_interface.cc(428) LOG(INFO) Normalizing sentences...
trainer_interface.cc(537) LOG(INFO) all chars count=51027709
trainer_interface.cc(558) LOG(INFO) Alphabet size=34
trainer_interface.cc(559) LOG(INFO) Final character coverage=1
trainer_interface.cc(591) LOG(INFO) Done! preprocessed 281071 sentences.
unigram_model_trainer.cc(222) LOG(INFO) Making suffix array...
unigram_model_trainer.cc(226) LOG(INFO) Extracting frequent sub strings... node_num=26788297
unigram_model_trainer.cc(274) LOG(INFO) Initialized 251314 seed sentencepieces
trainer_interface.cc(597) LOG(INFO) Tokenizing input sentences with whitespace: 281071
trainer_interface.cc(608) LOG(INFO) Done! 160819
unigram_model_trainer.cc(564) LOG(INFO) Using 160819 sentences for EM training
unigram_model_trainer.cc(580) LOG(INFO) EM sub_iter=0 size=83105 obj=9.88497 num_tokens=302514 num_tokens/piece=3.64014
unigram_model_trainer.cc(580) LOG(INFO) EM sub_iter=1 size=61859 obj=7.65825 num_tokens=301482 num_tokens/piece=4.8737
unigram_model_trainer.cc(580) LOG(INFO) EM sub_iter=0 size=46393 obj=7.60149 num_tokens=320452 num_tokens/piece=6.90734
unigram_model_trainer.cc(580) LOG(INFO) EM sub_iter=1 size=46380 obj=7.59555 num_tokens=320425 num_tokens/piece=6.90869
unigram_model_trainer.cc(580) LOG(INFO) EM sub_iter=0 size=34785 obj=7.63965 num_tokens=354403 num_tokens/piece=10.1884
unigram_model_trainer.cc(580) LOG(INFO) EM sub_iter=1 size=34785 obj=7.63071 num_tokens=354379 num_tokens/piece=10.1877
unigram_model_trainer.cc(580) LOG(INFO) EM sub_iter=0 size=26088 obj=7.70317 num_tokens=392028 num_tokens/piece=15.0271
unigram_model_trainer.cc(580) LOG(INFO) EM sub_iter=1 size=26088 obj=7.68938 num_tokens=392021 num_tokens/piece=15.0269
unigram_model_trainer.cc(580) LOG(INFO) EM sub_iter=0 size=19566 obj=7.79519 num_tokens=428765 num_tokens/piece=21.9138
unigram_model_trainer.cc(580) LOG(INFO) EM sub_iter=1 size=19566 obj=7.77554 num_tokens=428771 num_tokens/piece=21.9141
unigram_model_trainer.cc(580) LOG(INFO) EM sub_iter=0 size=14674 obj=7.91433 num_tokens=464781 num_tokens/piece=31.6738
unigram_model_trainer.cc(580) LOG(INFO) EM sub_iter=1 size=14674 obj=7.88959 num_tokens=464782 num_tokens/piece=31.6738
unigram_model_trainer.cc(580) LOG(INFO) EM sub_iter=0 size=11005 obj=8.0605 num_tokens=499693 num_tokens/piece=45.406
unigram_model_trainer.cc(580) LOG(INFO) EM sub_iter=1 size=11005 obj=8.02974 num_tokens=499786 num_tokens/piece=45.4144
unigram_model_trainer.cc(580) LOG(INFO) EM sub_iter=0 size=8253 obj=8.22885 num_tokens=532591 num_tokens/piece=64.533
unigram_model_trainer.cc(580) LOG(INFO) EM sub_iter=1 size=8253 obj=8.19352 num_tokens=532633 num_tokens/piece=64.5381
unigram_model_trainer.cc(580) LOG(INFO) EM sub_iter=0 size=6189 obj=8.42361 num_tokens=563833 num_tokens/piece=91.1024
unigram_model_trainer.cc(580) LOG(INFO) EM sub_iter=1 size=6189 obj=8.38281 num_tokens=563949 num_tokens/piece=91.1212
unigram_model_trainer.cc(580) LOG(INFO) EM sub_iter=0 size=4641 obj=8.64981 num_tokens=592634 num_tokens/piece=127.695
unigram_model_trainer.cc(580) LOG(INFO) EM sub_iter=1 size=4641 obj=8.60256 num_tokens=592702 num_tokens/piece=127.71
unigram_model_trainer.cc(580) LOG(INFO) EM sub_iter=0 size=3480 obj=8.89809 num_tokens=621670 num_tokens/piece=178.641
unigram_model_trainer.cc(580) LOG(INFO) EM sub_iter=1 size=3480 obj=8.84272 num_tokens=621685 num_tokens/piece=178.645
unigram_model_trainer.cc(580) LOG(INFO) EM sub_iter=0 size=2610 obj=9.17824 num_tokens=649610 num_tokens/piece=248.893
unigram_model_trainer.cc(580) LOG(INFO) EM sub_iter=1 size=2610 obj=9.11759 num_tokens=649641 num_tokens/piece=248.905
unigram_model_trainer.cc(580) LOG(INFO) EM sub_iter=0 size=1957 obj=9.47339 num_tokens=679360 num_tokens/piece=347.144
unigram_model_trainer.cc(580) LOG(INFO) EM sub_iter=1 size=1957 obj=9.40457 num_tokens=679362 num_tokens/piece=347.145
unigram_model_trainer.cc(580) LOG(INFO) EM sub_iter=0 size=1467 obj=9.79441 num_tokens=710661 num_tokens/piece=484.431
unigram_model_trainer.cc(580) LOG(INFO) EM sub_iter=1 size=1467 obj=9.71824 num_tokens=710810 num_tokens/piece=484.533
unigram_model_trainer.cc(580) LOG(INFO) EM sub_iter=0 size=1100 obj=10.1247 num_tokens=740056 num_tokens/piece=672.778
unigram_model_trainer.cc(580) LOG(INFO) EM sub_iter=1 size=1100 obj=10.0455 num_tokens=740190 num_tokens/piece=672.9
unigram_model_trainer.cc(580) LOG(INFO) EM sub_iter=0 size=825 obj=10.4805 num_tokens=767036 num_tokens/piece=929.741
unigram_model_trainer.cc(580) LOG(INFO) EM sub_iter=1 size=825 obj=10.3886 num_tokens=767116 num_tokens/piece=929.838
unigram_model_trainer.cc(580) LOG(INFO) EM sub_iter=0 size=618 obj=10.8562 num_tokens=802920 num_tokens/piece=1299.22
unigram_model_trainer.cc(580) LOG(INFO) EM sub_iter=1 size=618 obj=10.7402 num_tokens=802932 num_tokens/piece=1299.24
unigram_model_trainer.cc(580) LOG(INFO) EM sub_iter=0 size=550 obj=10.9253 num_tokens=817774 num_tokens/piece=1486.86
unigram_model_trainer.cc(580) LOG(INFO) EM sub_iter=1 size=550 obj=10.8792 num_tokens=817791 num_tokens/piece=1486.89
trainer_interface.cc(686) LOG(INFO) Saving model: data/lang_bpe_500/unigram_500_uncase.model
trainer_interface.cc(698) LOG(INFO) Saving vocabs: data/lang_bpe_500/unigram_500_uncase.vocab
